app/build/intermediates/manifest_merge_blame_file/debug/manifest-merger-blame-debug-report.txt
1<?xml version="1.0" encoding="utf-8"?>
2<manifest xmlns:android="http://schemas.android.com/apk/res/android"
3    package="com.sathyaseelan.foodhunger"
4    android:versionCode="1"
5    android:versionName="1.0" >
6
7    <uses-sdk
8        android:minSdkVersion="16"
8-->src\main\AndroidManifest.xml
9        android:targetSdkVersion="30" />
9-->src\main\AndroidManifest.xml
10    <!--
11         The ACCESS_COARSE/FINE_LOCATION permissions are not required to use
12         Google Maps Android API v2, but you must specify either coarse or fine
13         location permissions for the "MyLocation" functionality.
14    -->
15    <uses-permission android:name="android.permission.ACCESS_FINE_LOCATION" />
15-->src\main\AndroidManifest.xml:10:5-79
15-->src\main\AndroidManifest.xml:10:22-76
16    <uses-permission android:name="android.permission.ACCESS_COARSE_LOCATION" />
16-->src\main\AndroidManifest.xml:11:5-81
16-->src\main\AndroidManifest.xml:11:22-78
17    <uses-permission android:name="android.permission.INTERNET" />
17-->src\main\AndroidManifest.xml:12:5-67
17-->src\main\AndroidManifest.xml:12:22-64
18
19    <!-- Although the *SdkVersion is captured in gradle build files, this is required for non gradle builds -->
20    <!-- <uses-sdk android:minSdkVersion="14"/> -->
21    <uses-permission android:name="android.permission.ACCESS_NETWORK_STATE" />
21-->[com.google.firebase:firebase-database:19.7.0] AndroidManifest.xml:25:5-79
21-->[com.google.firebase:firebase-database:19.7.0] AndroidManifest.xml:25:22-76
22
23    <uses-feature
23-->[com.google.android.gms:play-services-maps:17.0.0] AndroidManifest.xml:26:5-28:35
24        android:glEsVersion="0x00020000"
24-->[com.google.android.gms:play-services-maps:17.0.0] AndroidManifest.xml:27:9-41
25        android:required="true" />
25-->[com.google.android.gms:play-services-maps:17.0.0] AndroidManifest.xml:28:9-32
26
27    <application
27-->src\main\AndroidManifest.xml:14:5-47:19
28        android:name="androidx.multidex.MultiDexApplication"
29        android:appComponentFactory="androidx.core.app.CoreComponentFactory"
29-->[androidx.core:core:1.3.1] AndroidManifest.xml:24:18-86
30        android:debuggable="true"
31        android:icon="@mipmap/ic_launcher"
31-->src\main\AndroidManifest.xml:15:9-43
32        android:label="@string/app_name"
32-->src\main\AndroidManifest.xml:16:9-41
33        android:roundIcon="@mipmap/ic_launcher_round"
33-->src\main\AndroidManifest.xml:17:9-54
34        android:supportsRtl="true"
34-->src\main\AndroidManifest.xml:18:9-35
35        android:testOnly="true"
36        android:theme="@style/Theme.FOODHUNGER" >
36-->src\main\AndroidManifest.xml:19:9-48
37        <activity android:name="com.sathyaseelan.foodhunger.UserdataActivity" />
37-->src\main\AndroidManifest.xml:21:9-90
37-->src\main\AndroidManifest.xml:21:19-78
38        <activity android:name="com.sathyaseelan.foodhunger.History" />
38-->src\main\AndroidManifest.xml:22:9-72
38-->src\main\AndroidManifest.xml:22:19-69
39        <activity android:name="com.sathyaseelan.foodhunger.MyPin" />
39-->src\main\AndroidManifest.xml:23:9-70
39-->src\main\AndroidManifest.xml:23:19-67
40        <activity android:name="com.sathyaseelan.foodhunger.About" />
40-->src\main\AndroidManifest.xml:24:9-70
40-->src\main\AndroidManifest.xml:24:19-67
41        <activity android:name="com.sathyaseelan.foodhunger.FoodMap" />
41-->src\main\AndroidManifest.xml:25:9-72
41-->src\main\AndroidManifest.xml:25:19-69
42
43        <meta-data
43-->src\main\AndroidManifest.xml:27:9-29:71
44            android:name="com.google.android.geo.API_KEY"
44-->src\main\AndroidManifest.xml:28:13-58
45            android:value="AIzaSyBtAubRGSlTZanGLTPT3JrKWsRCFAXZzrE" />
45-->src\main\AndroidManifest.xml:29:13-68
46
47        <activity android:name="com.sathyaseelan.foodhunger.Receive" />
47-->src\main\AndroidManifest.xml:31:9-72
47-->src\main\AndroidManifest.xml:31:19-69
48        <activity android:name="com.sathyaseelan.foodhunger.Contact" />
48-->src\main\AndroidManifest.xml:32:9-72
48-->src\main\AndroidManifest.xml:32:19-69
49        <activity android:name="com.sathyaseelan.foodhunger.Signup" />
49-->src\main\AndroidManifest.xml:33:9-71
49-->src\main\AndroidManifest.xml:33:19-68
50        <activity android:name="com.sathyaseelan.foodhunger.Logup" />
50-->src\main\AndroidManifest.xml:34:9-70
50-->src\main\AndroidManifest.xml:34:19-67
51        <activity android:name="com.sathyaseelan.foodhunger.MainActivity" />
51-->src\main\AndroidManifest.xml:35:9-77
51-->src\main\AndroidManifest.xml:35:19-74
52        <activity android:name="com.sathyaseelan.foodhunger.Donate" />
52-->src\main\AndroidManifest.xml:36:9-71
52-->src\main\AndroidManifest.xml:36:19-68
53        <activity android:name="com.sathyaseelan.foodhunger.landingpage" />
53-->src\main\AndroidManifest.xml:37:9-76
53-->src\main\AndroidManifest.xml:37:19-73
54        <activity
54-->src\main\AndroidManifest.xml:38:9-46:20
55            android:name="com.sathyaseelan.foodhunger.SplashScreen"
55-->src\main\AndroidManifest.xml:39:13-68
56            android:theme="@style/SplashScreen" >
56-->src\main\AndroidManifest.xml:40:13-48
57            <intent-filter>
57-->src\main\AndroidManifest.xml:41:13-45:29
58                <action android:name="android.intent.action.MAIN" />
58-->src\main\AndroidManifest.xml:42:17-69
58-->src\main\AndroidManifest.xml:42:25-66
59
60                <category android:name="android.intent.category.LAUNCHER" />
60-->src\main\AndroidManifest.xml:44:17-77
60-->src\main\AndroidManifest.xml:44:27-74
61            </intent-filter>
62        </activity>
63        <activity
63-->[com.google.firebase:firebase-auth:19.2.0] AndroidManifest.xml:24:9-31:50
64            android:name="com.google.firebase.auth.internal.FederatedSignInActivity"
64-->[com.google.firebase:firebase-auth:19.2.0] AndroidManifest.xml:25:13-85
65            android:excludeFromRecents="true"
65-->[com.google.firebase:firebase-auth:19.2.0] AndroidManifest.xml:26:13-46
66            android:exported="true"
66-->[com.google.firebase:firebase-auth:19.2.0] AndroidManifest.xml:27:13-36
67            android:launchMode="singleTask"
67-->[com.google.firebase:firebase-auth:19.2.0] AndroidManifest.xml:28:13-44
68            android:permission="com.google.firebase.auth.api.gms.permission.LAUNCH_FEDERATED_SIGN_IN"
68-->[com.google.firebase:firebase-auth:19.2.0] AndroidManifest.xml:29:13-102
69            android:theme="@android:style/Theme.Translucent.NoTitleBar" />
69-->[com.google.firebase:firebase-auth:19.2.0] AndroidManifest.xml:30:13-72
70
71        <service
71-->[com.google.firebase:firebase-auth:19.2.0] AndroidManifest.xml:33:9-39:19
72            android:name="com.google.firebase.components.ComponentDiscoveryService"
72-->[com.google.firebase:firebase-auth:19.2.0] AndroidManifest.xml:34:13-84
73            android:directBootAware="true"
73-->[com.google.firebase:firebase-common:19.5.0] AndroidManifest.xml:35:13-43
74            android:exported="false" >
74-->[com.google.firebase:firebase-auth:19.2.0] AndroidManifest.xml:35:13-37
75            <meta-data
75-->[com.google.firebase:firebase-auth:19.2.0] AndroidManifest.xml:36:13-38:85
76                android:name="com.google.firebase.components:com.google.firebase.auth.FirebaseAuthRegistrar"
76-->[com.google.firebase:firebase-auth:19.2.0] AndroidManifest.xml:37:17-109
77                android:value="com.google.firebase.components.ComponentRegistrar" />
77-->[com.google.firebase:firebase-auth:19.2.0] AndroidManifest.xml:38:17-82
78            <meta-data
78-->[com.google.firebase:firebase-database:19.7.0] AndroidManifest.xml:32:13-34:85
79                android:name="com.google.firebase.components:com.google.firebase.database.DatabaseRegistrar"
79-->[com.google.firebase:firebase-database:19.7.0] AndroidManifest.xml:33:17-109
80                android:value="com.google.firebase.components.ComponentRegistrar" />
80-->[com.google.firebase:firebase-database:19.7.0] AndroidManifest.xml:34:17-82
81            <meta-data
81-->[com.google.firebase:firebase-firestore:22.1.2] AndroidManifest.xml:20:13-22:85
82                android:name="com.google.firebase.components:com.google.firebase.firestore.FirestoreRegistrar"
82-->[com.google.firebase:firebase-firestore:22.1.2] AndroidManifest.xml:21:17-111
83                android:value="com.google.firebase.components.ComponentRegistrar" />
83-->[com.google.firebase:firebase-firestore:22.1.2] AndroidManifest.xml:22:17-82
84            <!--
85                This registrar is not defined in the dynamic-module-support sdk itself to allow non-firebase
86                clients to use it as well, by defining this registrar in their own core/common library.
87            -->
88            <meta-data
88-->[com.google.firebase:firebase-common:19.5.0] AndroidManifest.xml:43:13-45:85
89                android:name="com.google.firebase.components:com.google.firebase.dynamicloading.DynamicLoadingRegistrar"
89-->[com.google.firebase:firebase-common:19.5.0] AndroidManifest.xml:44:17-121
90                android:value="com.google.firebase.components.ComponentRegistrar" />
90-->[com.google.firebase:firebase-common:19.5.0] AndroidManifest.xml:45:17-82
91        </service> <!-- Needs to be explicitly declared on P+ -->
92        <uses-library
92-->[com.google.android.gms:play-services-maps:17.0.0] AndroidManifest.xml:33:9-35:40
93            android:name="org.apache.http.legacy"
93-->[com.google.android.gms:play-services-maps:17.0.0] AndroidManifest.xml:34:13-50
94            android:required="false" />
94-->[com.google.android.gms:play-services-maps:17.0.0] AndroidManifest.xml:35:13-37
95
96        <activity
96-->[com.google.android.gms:play-services-base:17.5.0] AndroidManifest.xml:23:9-26:75
97            android:name="com.google.android.gms.common.api.GoogleApiActivity"
97-->[com.google.android.gms:play-services-base:17.5.0] AndroidManifest.xml:24:13-79
98            android:exported="false"
98-->[com.google.android.gms:play-services-base:17.5.0] AndroidManifest.xml:25:13-37
99            android:theme="@android:style/Theme.Translucent.NoTitleBar" />
99-->[com.google.android.gms:play-services-base:17.5.0] AndroidManifest.xml:26:13-72
100
101        <provider
101-->[com.google.firebase:firebase-common:19.5.0] AndroidManifest.xml:26:9-31:39
102            android:name="com.google.firebase.provider.FirebaseInitProvider"
102-->[com.google.firebase:firebase-common:19.5.0] AndroidManifest.xml:27:13-77
103            android:authorities="com.sathyaseelan.foodhunger.firebaseinitprovider"
103-->[com.google.firebase:firebase-common:19.5.0] AndroidManifest.xml:28:13-72
104            android:directBootAware="true"
104-->[com.google.firebase:firebase-common:19.5.0] AndroidManifest.xml:29:13-43
105            android:exported="false"
105-->[com.google.firebase:firebase-common:19.5.0] AndroidManifest.xml:30:13-37
106            android:initOrder="100" />
106-->[com.google.firebase:firebase-common:19.5.0] AndroidManifest.xml:31:13-36
107
108        <meta-data
108-->[com.google.android.gms:play-services-basement:17.5.0] AndroidManifest.xml:23:9-25:69
109            android:name="com.google.android.gms.version"
109-->[com.google.android.gms:play-services-basement:17.5.0] AndroidManifest.xml:24:13-58
110            android:value="@integer/google_play_services_version" />
110-->[com.google.android.gms:play-services-basement:17.5.0] AndroidManifest.xml:25:13-66
111    </application>
112
113</manifest>